# JRE version: OpenJDK Runtime Environment (17.0.6) (build 17.0.6+0-b2043.56-10027231)
# Java VM: OpenJDK 64-Bit Server VM (17.0.6+0-b2043.56-10027231, mixed mode, tiered, compressed oops, compressed class ptrs, g1 gc, windows-amd64)
GC Precious Log:
 CPUs: 8 total, 8 available
 Memory: 16317M
 Large Page Support: Disabled
 NUMA Support: Disabled
 Compressed Oops: Enabled (32-bit)
 Heap Region Size: 1M
 Heap Min Capacity: 8M
 Heap Initial Capacity: 256M
 Heap Max Capacity: 2G
 Pre-touch: Disabled
 Parallel Workers: 8
 Concurrent Workers: 2
 Concurrent Refinement Workers: 8
 Periodic GC: Disabled
Heap:
 garbage-first heap   total 324608K, used 262928K [0x0000000080000000, 0x0000000100000000)
  region size 1024K, 169 young (173056K), 10 survivors (10240K)
 Metaspace       used 119122K, committed 119872K, reserved 1155072K
  class space    used 15869K, committed 16256K, reserved 1048576K
GC Heap History (20 events):
Event: 9.766 GC heap before
{Heap before GC invocations=33 (full 0):
 garbage-first heap   total 162816K, used 128798K [0x0000000080000000, 0x0000000100000000)
  region size 1024K, 59 young (60416K), 6 survivors (6144K)
 Metaspace       used 85792K, committed 86400K, reserved 1130496K
  class space    used 11659K, committed 11968K, reserved 1048576K
}
Event: 9.776 GC heap after
{Heap after GC invocations=34 (full 0):
 garbage-first heap   total 162816K, used 83417K [0x0000000080000000, 0x0000000100000000)
  region size 1024K, 8 young (8192K), 8 survivors (8192K)
 Metaspace       used 85792K, committed 86400K, reserved 1130496K
  class space    used 11659K, committed 11968K, reserved 1048576K
}
Event: 9.784 GC heap before
{Heap before GC invocations=34 (full 0):
 garbage-first heap   total 162816K, used 84441K [0x0000000080000000, 0x0000000100000000)
  region size 1024K, 9 young (9216K), 8 survivors (8192K)
 Metaspace       used 85794K, committed 86400K, reserved 1130496K
  class space    used 11659K, committed 11968K, reserved 1048576K
}
Event: 9.791 GC heap after
{Heap after GC invocations=35 (full 0):
 garbage-first heap   total 162816K, used 84556K [0x0000000080000000, 0x0000000100000000)
  region size 1024K, 2 young (2048K), 2 survivors (2048K)
 Metaspace       used 85794K, committed 86400K, reserved 1130496K
  class space    used 11659K, committed 11968K, reserved 1048576K
}
Event: 10.581 GC heap before
{Heap before GC invocations=35 (full 0):
 garbage-first heap   total 162816K, used 127564K [0x0000000080000000, 0x0000000100000000)
  region size 1024K, 45 young (46080K), 2 survivors (2048K)
 Metaspace       used 90243K, committed 90944K, reserved 1130496K
  class space    used 12359K, committed 12672K, reserved 1048576K
}
Event: 10.587 GC heap after
{Heap after GC invocations=36 (full 0):
 garbage-first heap   total 162816K, used 86995K [0x0000000080000000, 0x0000000100000000)
  region size 1024K, 4 young (4096K), 4 survivors (4096K)
 Metaspace       used 90243K, committed 90944K, reserved 1130496K
  class space    used 12359K, committed 12672K, reserved 1048576K
}
Event: 11.235 GC heap before
{Heap before GC invocations=37 (full 0):
 garbage-first heap   total 162816K, used 128979K [0x0000000080000000, 0x0000000100000000)
  region size 1024K, 46 young (47104K), 4 survivors (4096K)
 Metaspace       used 90869K, committed 91456K, reserved 1130496K
  class space    used 12396K, committed 12672K, reserved 1048576K
}
Event: 11.241 GC heap after
{Heap after GC invocations=38 (full 0):
 garbage-first heap   total 162816K, used 89391K [0x0000000080000000, 0x0000000100000000)
  region size 1024K, 3 young (3072K), 3 survivors (3072K)
 Metaspace       used 90869K, committed 91456K, reserved 1130496K
  class space    used 12396K, committed 12672K, reserved 1048576K
}
Event: 11.308 GC heap before
{Heap before GC invocations=38 (full 0):
 garbage-first heap   total 162816K, used 93487K [0x0000000080000000, 0x0000000100000000)
  region size 1024K, 7 young (7168K), 3 survivors (3072K)
 Metaspace       used 90970K, committed 91584K, reserved 1130496K
  class space    used 12408K, committed 12672K, reserved 1048576K
}
Event: 11.313 GC heap after
{Heap after GC invocations=39 (full 0):
 garbage-first heap   total 162816K, used 89166K [0x0000000080000000, 0x0000000100000000)
  region size 1024K, 1 young (1024K), 1 survivors (1024K)
 Metaspace       used 90970K, committed 91584K, reserved 1130496K
  class space    used 12408K, committed 12672K, reserved 1048576K
}
Event: 12.252 GC heap before
{Heap before GC invocations=39 (full 0):
 garbage-first heap   total 162816K, used 132174K [0x0000000080000000, 0x0000000100000000)
  region size 1024K, 44 young (45056K), 1 survivors (1024K)
 Metaspace       used 93772K, committed 94464K, reserved 1130496K
  class space    used 12712K, committed 13056K, reserved 1048576K
}
Event: 12.259 GC heap after
{Heap after GC invocations=40 (full 0):
 garbage-first heap   total 332800K, used 92577K [0x0000000080000000, 0x0000000100000000)
  region size 1024K, 4 young (4096K), 4 survivors (4096K)
 Metaspace       used 93772K, committed 94464K, reserved 1130496K
  class space    used 12712K, committed 13056K, reserved 1048576K
}
Event: 13.248 GC heap before
{Heap before GC invocations=41 (full 0):
 garbage-first heap   total 324608K, used 251297K [0x0000000080000000, 0x0000000100000000)
  region size 1024K, 158 young (161792K), 4 survivors (4096K)
 Metaspace       used 98553K, committed 99200K, reserved 1138688K
  class space    used 13131K, committed 13440K, reserved 1048576K
}
Event: 13.252 GC heap after
{Heap after GC invocations=42 (full 0):
 garbage-first heap   total 324608K, used 94682K [0x0000000080000000, 0x0000000100000000)
  region size 1024K, 4 young (4096K), 4 survivors (4096K)
 Metaspace       used 98553K, committed 99200K, reserved 1138688K
  class space    used 13131K, committed 13440K, reserved 1048576K
}
Event: 13.274 GC heap before
{Heap before GC invocations=42 (full 0):
 garbage-first heap   total 324608K, used 104922K [0x0000000080000000, 0x0000000100000000)
  region size 1024K, 15 young (15360K), 4 survivors (4096K)
 Metaspace       used 98553K, committed 99200K, reserved 1138688K
  class space    used 13131K, committed 13440K, reserved 1048576K
}
Event: 13.277 GC heap after
{Heap after GC invocations=43 (full 0):
 garbage-first heap   total 324608K, used 94509K [0x0000000080000000, 0x0000000100000000)
  region size 1024K, 1 young (1024K), 1 survivors (1024K)
 Metaspace       used 98553K, committed 99200K, reserved 1138688K
  class space    used 13131K, committed 13440K, reserved 1048576K
}
Event: 21.662 GC heap before
{Heap before GC invocations=43 (full 0):
 garbage-first heap   total 324608K, used 272685K [0x0000000080000000, 0x0000000100000000)
  region size 1024K, 174 young (178176K), 1 survivors (1024K)
 Metaspace       used 111942K, committed 112640K, reserved 1146880K
  class space    used 14785K, committed 15104K, reserved 1048576K
}
Event: 21.672 GC heap after
{Heap after GC invocations=44 (full 0):
 garbage-first heap   total 324608K, used 101104K [0x0000000080000000, 0x0000000100000000)
  region size 1024K, 9 young (9216K), 9 survivors (9216K)
 Metaspace       used 111942K, committed 112640K, reserved 1146880K
  class space    used 14785K, committed 15104K, reserved 1048576K
}
Event: 23.653 GC heap before
{Heap before GC invocations=44 (full 0):
 garbage-first heap   total 324608K, used 268016K [0x0000000080000000, 0x0000000100000000)
  region size 1024K, 173 young (177152K), 9 survivors (9216K)
 Metaspace       used 112578K, committed 113408K, reserved 1155072K
  class space    used 14835K, committed 15232K, reserved 1048576K
}
Event: 23.662 GC heap after
{Heap after GC invocations=45 (full 0):
 garbage-first heap   total 324608K, used 102160K [0x0000000080000000, 0x0000000100000000)
  region size 1024K, 10 young (10240K), 10 survivors (10240K)
 Metaspace       used 112578K, committed 113408K, reserved 1155072K
  class space    used 14835K, committed 15232K, reserved 1048576K
}

