# JRE version: OpenJDK Runtime Environment (17.0.6) (build 17.0.6+0-b2043.56-10027231)
# Java VM: OpenJDK 64-Bit Server VM (17.0.6+0-b2043.56-10027231, mixed mode, tiered, compressed oops, compressed class ptrs, g1 gc, windows-amd64)
GC Precious Log:
 CPUs: 8 total, 8 available
 Memory: 16317M
 Large Page Support: Disabled
 NUMA Support: Disabled
 Compressed Oops: Enabled (32-bit)
 Heap Region Size: 1M
 Heap Min Capacity: 8M
 Heap Initial Capacity: 256M
 Heap Max Capacity: 2G
 Pre-touch: Disabled
 Parallel Workers: 8
 Concurrent Workers: 2
 Concurrent Refinement Workers: 8
 Periodic GC: Disabled
Heap:
 garbage-first heap   total 239616K, used 111037K [0x0000000080000000, 0x0000000100000000)
  region size 1024K, 39 young (39936K), 2 survivors (2048K)
 Metaspace       used 90807K, committed 91392K, reserved 1130496K
  class space    used 12276K, committed 12544K, reserved 1048576K
GC Heap History (20 events):
Event: 6.998 GC heap before
{Heap before GC invocations=22 (full 0):
 garbage-first heap   total 110592K, used 59328K [0x0000000080000000, 0x0000000100000000)
  region size 1024K, 5 young (5120K), 3 survivors (3072K)
 Metaspace       used 67051K, committed 67584K, reserved 1114112K
  class space    used 8817K, committed 9088K, reserved 1048576K
}
Event: 7.002 GC heap after
{Heap after GC invocations=23 (full 0):
 garbage-first heap   total 110592K, used 57942K [0x0000000080000000, 0x0000000100000000)
  region size 1024K, 1 young (1024K), 1 survivors (1024K)
 Metaspace       used 67051K, committed 67584K, reserved 1114112K
  class space    used 8817K, committed 9088K, reserved 1048576K
}
Event: 7.005 GC heap before
{Heap before GC invocations=23 (full 0):
 garbage-first heap   total 110592K, used 57942K [0x0000000080000000, 0x0000000100000000)
  region size 1024K, 2 young (2048K), 1 survivors (1024K)
 Metaspace       used 67051K, committed 67584K, reserved 1114112K
  class space    used 8817K, committed 9088K, reserved 1048576K
}
Event: 7.006 GC heap after
{Heap after GC invocations=24 (full 0):
 garbage-first heap   total 110592K, used 58792K [0x0000000080000000, 0x0000000100000000)
  region size 1024K, 2 young (2048K), 2 survivors (2048K)
 Metaspace       used 67051K, committed 67584K, reserved 1114112K
  class space    used 8817K, committed 9088K, reserved 1048576K
}
Event: 7.179 GC heap before
{Heap before GC invocations=25 (full 0):
 garbage-first heap   total 122880K, used 82344K [0x0000000080000000, 0x0000000100000000)
  region size 1024K, 20 young (20480K), 2 survivors (2048K)
 Metaspace       used 68280K, committed 68736K, reserved 1114112K
  class space    used 8988K, committed 9216K, reserved 1048576K
}
Event: 7.181 GC heap after
{Heap after GC invocations=26 (full 0):
 garbage-first heap   total 122880K, used 61411K [0x0000000080000000, 0x0000000100000000)
  region size 1024K, 2 young (2048K), 2 survivors (2048K)
 Metaspace       used 68280K, committed 68736K, reserved 1114112K
  class space    used 8988K, committed 9216K, reserved 1048576K
}
Event: 7.240 GC heap before
{Heap before GC invocations=26 (full 0):
 garbage-first heap   total 122880K, used 65507K [0x0000000080000000, 0x0000000100000000)
  region size 1024K, 6 young (6144K), 2 survivors (2048K)
 Metaspace       used 68721K, committed 69312K, reserved 1114112K
  class space    used 9045K, committed 9344K, reserved 1048576K
}
Event: 7.242 GC heap after
{Heap after GC invocations=27 (full 0):
 garbage-first heap   total 122880K, used 61373K [0x0000000080000000, 0x0000000100000000)
  region size 1024K, 1 young (1024K), 1 survivors (1024K)
 Metaspace       used 68721K, committed 69312K, reserved 1114112K
  class space    used 9045K, committed 9344K, reserved 1048576K
}
Event: 7.564 GC heap before
{Heap before GC invocations=27 (full 0):
 garbage-first heap   total 122880K, used 83901K [0x0000000080000000, 0x0000000100000000)
  region size 1024K, 24 young (24576K), 1 survivors (1024K)
 Metaspace       used 70704K, committed 71232K, reserved 1114112K
  class space    used 9274K, committed 9536K, reserved 1048576K
}
Event: 7.567 GC heap after
{Heap after GC invocations=28 (full 0):
 garbage-first heap   total 122880K, used 63271K [0x0000000080000000, 0x0000000100000000)
  region size 1024K, 3 young (3072K), 3 survivors (3072K)
 Metaspace       used 70704K, committed 71232K, reserved 1114112K
  class space    used 9274K, committed 9536K, reserved 1048576K
}
Event: 7.976 GC heap before
{Heap before GC invocations=29 (full 0):
 garbage-first heap   total 122880K, used 87847K [0x0000000080000000, 0x0000000100000000)
  region size 1024K, 29 young (29696K), 3 survivors (3072K)
 Metaspace       used 73708K, committed 74240K, reserved 1114112K
  class space    used 9671K, committed 9920K, reserved 1048576K
}
Event: 7.979 GC heap after
{Heap after GC invocations=30 (full 0):
 garbage-first heap   total 122880K, used 61373K [0x0000000080000000, 0x0000000100000000)
  region size 1024K, 4 young (4096K), 4 survivors (4096K)
 Metaspace       used 73708K, committed 74240K, reserved 1114112K
  class space    used 9671K, committed 9920K, reserved 1048576K
}
Event: 8.000 GC heap before
{Heap before GC invocations=30 (full 0):
 garbage-first heap   total 122880K, used 63421K [0x0000000080000000, 0x0000000100000000)
  region size 1024K, 6 young (6144K), 4 survivors (4096K)
 Metaspace       used 73815K, committed 74304K, reserved 1114112K
  class space    used 9688K, committed 9920K, reserved 1048576K
}
Event: 8.003 GC heap after
{Heap after GC invocations=31 (full 0):
 garbage-first heap   total 122880K, used 61511K [0x0000000080000000, 0x0000000100000000)
  region size 1024K, 1 young (1024K), 1 survivors (1024K)
 Metaspace       used 73815K, committed 74304K, reserved 1114112K
  class space    used 9688K, committed 9920K, reserved 1048576K
}
Event: 8.261 GC heap before
{Heap before GC invocations=31 (full 0):
 garbage-first heap   total 122880K, used 91207K [0x0000000080000000, 0x0000000100000000)
  region size 1024K, 30 young (30720K), 1 survivors (1024K)
 Metaspace       used 74248K, committed 74816K, reserved 1114112K
  class space    used 9756K, committed 9984K, reserved 1048576K
}
Event: 8.266 GC heap after
{Heap after GC invocations=32 (full 0):
 garbage-first heap   total 305152K, used 63683K [0x0000000080000000, 0x0000000100000000)
  region size 1024K, 3 young (3072K), 3 survivors (3072K)
 Metaspace       used 74248K, committed 74816K, reserved 1114112K
  class space    used 9756K, committed 9984K, reserved 1048576K
}
Event: 10.368 GC heap before
{Heap before GC invocations=33 (full 0):
 garbage-first heap   total 239616K, used 199875K [0x0000000080000000, 0x0000000100000000)
  region size 1024K, 137 young (140288K), 3 survivors (3072K)
 Metaspace       used 87425K, committed 88000K, reserved 1130496K
  class space    used 11861K, committed 12096K, reserved 1048576K
}
Event: 10.379 GC heap after
{Heap after GC invocations=34 (full 0):
 garbage-first heap   total 239616K, used 72914K [0x0000000080000000, 0x0000000100000000)
  region size 1024K, 12 young (12288K), 12 survivors (12288K)
 Metaspace       used 87425K, committed 88000K, reserved 1130496K
  class space    used 11861K, committed 12096K, reserved 1048576K
}
Event: 10.390 GC heap before
{Heap before GC invocations=34 (full 0):
 garbage-first heap   total 239616K, used 73938K [0x0000000080000000, 0x0000000100000000)
  region size 1024K, 13 young (13312K), 12 survivors (12288K)
 Metaspace       used 87563K, committed 88064K, reserved 1130496K
  class space    used 11881K, committed 12096K, reserved 1048576K
}
Event: 10.397 GC heap after
{Heap after GC invocations=35 (full 0):
 garbage-first heap   total 239616K, used 74173K [0x0000000080000000, 0x0000000100000000)
  region size 1024K, 2 young (2048K), 2 survivors (2048K)
 Metaspace       used 87563K, committed 88064K, reserved 1130496K
  class space    used 11881K, committed 12096K, reserved 1048576K
}

